mode: set
github.com/seriousben/go-patch-cover/cover.go:11.72,13.16 2 1
github.com/seriousben/go-patch-cover/cover.go:19.2,20.16 2 1
github.com/seriousben/go-patch-cover/cover.go:24.2,25.16 2 1
github.com/seriousben/go-patch-cover/cover.go:29.2,29.41 1 1
github.com/seriousben/go-patch-cover/cover.go:13.16,15.3 1 0
github.com/seriousben/go-patch-cover/cover.go:20.16,22.3 1 0
github.com/seriousben/go-patch-cover/cover.go:25.16,27.3 1 0
github.com/seriousben/go-patch-cover/cover.go:41.103,44.34 2 1
github.com/seriousben/go-patch-cover/cover.go:77.2,77.34 1 1
github.com/seriousben/go-patch-cover/cover.go:86.2,86.23 1 1
github.com/seriousben/go-patch-cover/cover.go:89.2,89.28 1 1
github.com/seriousben/go-patch-cover/cover.go:93.2,93.18 1 1
github.com/seriousben/go-patch-cover/cover.go:44.34,45.31 1 1
github.com/seriousben/go-patch-cover/cover.go:45.31,47.49 1 1
github.com/seriousben/go-patch-cover/cover.go:52.3,53.31 1 1
github.com/seriousben/go-patch-cover/cover.go:47.49,49.13 1 1
github.com/seriousben/go-patch-cover/cover.go:53.31,56.39 2 1
github.com/seriousben/go-patch-cover/cover.go:56.39,57.35 1 1
github.com/seriousben/go-patch-cover/cover.go:57.35,58.35 1 1
github.com/seriousben/go-patch-cover/cover.go:61.7,65.57 2 1
github.com/seriousben/go-patch-cover/cover.go:58.35,59.16 1 0
github.com/seriousben/go-patch-cover/cover.go:65.57,68.26 2 1
github.com/seriousben/go-patch-cover/cover.go:77.34,78.30 1 1
github.com/seriousben/go-patch-cover/cover.go:78.30,81.4 2 1
github.com/seriousben/go-patch-cover/cover.go:86.23,88.3 1 1
github.com/seriousben/go-patch-cover/cover.go:89.28,91.3 1 1
